<?xml version="1.0" encoding="UTF-8"?>
<!-- Generated by org.testng.reporters.JUnitReportReporter -->
<testsuite hostname="User" failures="0" tests="3" name="testNGbasics.AmazonLoginFuncationality" time="91.015" errors="0" timestamp="2022-09-18T20:55:07 EDT" skipped="0">
  <testcase classname="testNGbasics.AmazonLoginFuncationality" name="negativeLoginFunctionalityTestByClickingYourAccount" time="33.679"/>
  <system-out/>
  <testcase classname="testNGbasics.AmazonLoginFuncationality" name="negativeLoginFunctionalityTestByClickingSignInbutton" time="26.791"/>
  <system-out/>
  <testcase classname="testNGbasics.AmazonLoginFuncationality" name="negativeLoginFunctionalityTestByClickingAccountListLink" time="30.545"/>
  <system-out/>
</testsuite> <!-- testNGbasics.AmazonLoginFuncationality -->
