<?xml version="1.0" encoding="UTF-8"?>
<!-- Generated by org.testng.reporters.JUnitReportReporter -->
<testsuite hostname="User" failures="0" tests="1" name="testNGbasics.FewKeyWordsPriorityEnabled" time="37.852" errors="0" timestamp="2022-09-25T21:24:07 EDT" skipped="0">
  <testcase classname="testNGbasics.FewKeyWordsPriorityEnabled" name="negativeLoginFunctionalityTestByClickingAccountListLink" time="37.852"/>
  <system-out/>
</testsuite> <!-- testNGbasics.FewKeyWordsPriorityEnabled -->
