<?xml version="1.0" encoding="UTF-8"?>
<!-- Generated by org.testng.reporters.JUnitReportReporter -->
<testsuite hostname="User" failures="0" tests="1" name="testNGbasics.ParameterizationFromXML" time="32.983" errors="0" timestamp="2022-09-25T20:54:58 EDT" skipped="0">
  <testcase classname="testNGbasics.ParameterizationFromXML" name="negativeLoginFunctionalityTestByClickingAccountListLink" time="32.983"/>
  <system-out/>
</testsuite> <!-- testNGbasics.ParameterizationFromXML -->
